This file contains any messages produced by compilers while
running configure, to aid debugging if configure makes a mistake.

It was created by GNU C Library configure (see version.h), which was
generated by GNU Autoconf 2.63.  Invocation command line was

  $ ../libc/configure --disable-sanity-checks --no-create --no-recursion

## --------- ##
## Platform. ##
## --------- ##

hostname = cp-1.dune.rsc-pg0.apt.emulab.net
uname -m = x86_64
uname -r = 3.10.0-327.10.1.el7.x86_64
uname -s = Linux
uname -v = #1 SMP Tue Feb 16 17:03:50 UTC 2016

/usr/bin/uname -p = x86_64
/bin/uname -X     = unknown

/bin/arch              = x86_64
/usr/bin/arch -k       = unknown
/usr/convex/getsysinfo = unknown
/usr/bin/hostinfo      = unknown
/bin/machine           = unknown
/usr/bin/oslevel       = unknown
/bin/universe          = unknown

PATH: /usr/local/bin
PATH: /usr/bin
PATH: /usr/local/sbin
PATH: /usr/sbin
PATH: /users/leeymcj/.local/bin
PATH: /users/leeymcj/bin


## ----------- ##
## Core tests. ##
## ----------- ##

configure:2034: checking build system type
configure:2052: result: x86_64-unknown-linux-gnu
configure:2074: checking host system type
configure:2089: result: x86_64-unknown-linux-gnu
configure:2160: checking for gcc
configure:2176: found /usr/bin/gcc
configure:2187: result: gcc
configure:2419: checking for C compiler version
configure:2427: gcc --version >&5
gcc (GCC) 4.8.5 20150623 (Red Hat 4.8.5-4)
Copyright (C) 2015 Free Software Foundation, Inc.
This is free software; see the source for copying conditions.  There is NO
warranty; not even for MERCHANTABILITY or FITNESS FOR A PARTICULAR PURPOSE.

configure:2431: $? = 0
configure:2438: gcc -v >&5
Using built-in specs.
COLLECT_GCC=gcc
COLLECT_LTO_WRAPPER=/usr/libexec/gcc/x86_64-redhat-linux/4.8.5/lto-wrapper
Target: x86_64-redhat-linux
Configured with: ../configure --prefix=/usr --mandir=/usr/share/man --infodir=/usr/share/info --with-bugurl=http://bugzilla.redhat.com/bugzilla --enable-bootstrap --enable-shared --enable-threads=posix --enable-checking=release --with-system-zlib --enable-__cxa_atexit --disable-libunwind-exceptions --enable-gnu-unique-object --enable-linker-build-id --with-linker-hash-style=gnu --enable-languages=c,c++,objc,obj-c++,java,fortran,ada,go,lto --enable-plugin --enable-initfini-array --disable-libgcj --with-isl=/builddir/build/BUILD/gcc-4.8.5-20150702/obj-x86_64-redhat-linux/isl-install --with-cloog=/builddir/build/BUILD/gcc-4.8.5-20150702/obj-x86_64-redhat-linux/cloog-install --enable-gnu-indirect-function --with-tune=generic --with-arch_32=x86-64 --build=x86_64-redhat-linux
Thread model: posix
gcc version 4.8.5 20150623 (Red Hat 4.8.5-4) (GCC) 
configure:2442: $? = 0
configure:2449: gcc -V >&5
gcc: error: unrecognized command line option '-V'
gcc: fatal error: no input files
compilation terminated.
configure:2453: $? = 4
configure:2457: checking for suffix of object files
configure:2483: gcc -c   conftest.c >&5
configure:2487: $? = 0
configure:2512: result: o
configure:2516: checking whether we are using the GNU C compiler
configure:2545: gcc -c   conftest.c >&5
configure:2552: $? = 0
configure:2569: result: yes
configure:2578: checking whether gcc accepts -g
configure:2608: gcc -c -g  conftest.c >&5
configure:2615: $? = 0
configure:2716: result: yes
configure:2733: checking for gcc option to accept ISO C89
configure:2807: gcc  -c -g -O2  conftest.c >&5
configure:2814: $? = 0
configure:2837: result: none needed
configure:2905: checking how to run the C preprocessor
configure:2945: gcc -E  conftest.c
configure:2952: $? = 0
configure:2983: gcc -E  conftest.c
conftest.c:8:28: fatal error: ac_nonexistent.h: No such file or directory
 #include <ac_nonexistent.h>
                            ^
compilation terminated.
configure:2990: $? = 1
configure: failed program was:
| /* confdefs.h.  */
| #define PACKAGE_NAME "GNU C Library"
| #define PACKAGE_TARNAME "c-library"
| #define PACKAGE_VERSION "(see version.h)"
| #define PACKAGE_STRING "GNU C Library (see version.h)"
| #define PACKAGE_BUGREPORT "glibc"
| /* end confdefs.h.  */
| #include <ac_nonexistent.h>
configure:3023: result: gcc -E
configure:3052: gcc -E  conftest.c
configure:3059: $? = 0
configure:3090: gcc -E  conftest.c
conftest.c:8:28: fatal error: ac_nonexistent.h: No such file or directory
 #include <ac_nonexistent.h>
                            ^
compilation terminated.
configure:3097: $? = 1
configure: failed program was:
| /* confdefs.h.  */
| #define PACKAGE_NAME "GNU C Library"
| #define PACKAGE_TARNAME "c-library"
| #define PACKAGE_VERSION "(see version.h)"
| #define PACKAGE_STRING "GNU C Library (see version.h)"
| #define PACKAGE_BUGREPORT "glibc"
| /* end confdefs.h.  */
| #include <ac_nonexistent.h>
configure:3195: checking for g++
configure:3211: found /usr/bin/g++
configure:3222: result: g++
configure:3249: checking for C++ compiler version
configure:3257: g++ --version >&5
g++ (GCC) 4.8.5 20150623 (Red Hat 4.8.5-4)
Copyright (C) 2015 Free Software Foundation, Inc.
This is free software; see the source for copying conditions.  There is NO
warranty; not even for MERCHANTABILITY or FITNESS FOR A PARTICULAR PURPOSE.

configure:3261: $? = 0
configure:3268: g++ -v >&5
Using built-in specs.
COLLECT_GCC=g++
COLLECT_LTO_WRAPPER=/usr/libexec/gcc/x86_64-redhat-linux/4.8.5/lto-wrapper
Target: x86_64-redhat-linux
Configured with: ../configure --prefix=/usr --mandir=/usr/share/man --infodir=/usr/share/info --with-bugurl=http://bugzilla.redhat.com/bugzilla --enable-bootstrap --enable-shared --enable-threads=posix --enable-checking=release --with-system-zlib --enable-__cxa_atexit --disable-libunwind-exceptions --enable-gnu-unique-object --enable-linker-build-id --with-linker-hash-style=gnu --enable-languages=c,c++,objc,obj-c++,java,fortran,ada,go,lto --enable-plugin --enable-initfini-array --disable-libgcj --with-isl=/builddir/build/BUILD/gcc-4.8.5-20150702/obj-x86_64-redhat-linux/isl-install --with-cloog=/builddir/build/BUILD/gcc-4.8.5-20150702/obj-x86_64-redhat-linux/cloog-install --enable-gnu-indirect-function --with-tune=generic --with-arch_32=x86-64 --build=x86_64-redhat-linux
Thread model: posix
gcc version 4.8.5 20150623 (Red Hat 4.8.5-4) (GCC) 
configure:3272: $? = 0
configure:3279: g++ -V >&5
g++: error: unrecognized command line option '-V'
g++: fatal error: no input files
compilation terminated.
configure:3283: $? = 4
configure:3286: checking whether we are using the GNU C++ compiler
configure:3315: g++ -c   conftest.cpp >&5
configure:3322: $? = 0
configure:3339: result: yes
configure:3348: checking whether g++ accepts -g
configure:3378: g++ -c -g  conftest.cpp >&5
configure:3385: $? = 0
configure:3486: result: yes
configure:4155: running configure fragment for add-on libidn
configure:4155: running configure fragment for add-on nptl
configure:4307: checking for assembler gnu_indirect_function symbol type support
configure:4323: result: yes
configure:4326: checking whether .text pseudo-op must be used
configure:4336: gcc  -c conftest.s 1>&5
configure:4339: $? = 0
configure:4350: result: yes
configure:4354: checking for assembler global-symbol directive
configure:4367: gcc  -c conftest.s 1>&5
configure:4370: $? = 0
configure:4378: result: .globl
configure:4391: checking for assembler .type directive prefix
configure:4407: gcc  -c conftest.s 1>&5
configure:4410: $? = 0
configure:4418: result: @
configure:4443: checking sysdep dirs
configure:4723: result: sysdeps/generic/elf sysdeps/generic
configure:4802: checking for a BSD-compatible install
configure:4870: result: /usr/bin/install -c
configure:4885: checking whether ln -s works
configure:4889: result: yes
configure:4913: checking whether as is GNU as
configure:4927: result: yes
configure:4932: checking whether ld is GNU ld
configure:4946: result: yes
configure:4956: checking for as
configure:4983: result: as
configure:4998: checking version of as
configure:5008: result: 2.23.52.0.1, ok
configure:5019: checking for ld
configure:5046: result: ld
configure:5061: checking version of ld
configure:5071: result: 2.23.52.0.1, ok
configure:5086: checking for pwd
configure:5104: found /usr/bin/pwd
configure:5117: result: /usr/bin/pwd
configure:5138: checking for gcc
configure:5165: result: gcc
configure:5180: checking version of gcc
configure:5190: result: 4.8.5, ok
configure:5201: checking for gnumake
configure:5231: result: no
configure:5201: checking for gmake
configure:5217: found /usr/bin/gmake
configure:5228: result: gmake
configure:5243: checking version of gmake
configure:5253: result: 3.82, ok
configure:5265: checking for gnumsgfmt
configure:5295: result: no
configure:5265: checking for gmsgfmt
configure:5295: result: no
configure:5265: checking for msgfmt
configure:5281: found /usr/bin/msgfmt
configure:5292: result: msgfmt
configure:5307: checking version of msgfmt
configure:5317: result: 0.18.2, ok
configure:5328: checking for makeinfo
configure:5358: result: no
configure:5391: checking for sed
configure:5407: found /usr/bin/sed
configure:5418: result: sed
configure:5433: checking version of sed
configure:5443: result: v. ?.??, bad
configure:5455: checking for autoconf
configure:5471: found /usr/bin/autoconf
configure:5482: result: autoconf
configure:5497: checking whether autoconf works
configure:5508: result: yes
configure:5529: WARNING:
*** These auxiliary programs are missing or incompatible versions: makeinfo sed
*** some features will be disabled.
*** Check the INSTALL file for required versions.
configure:5567: checking LD_LIBRARY_PATH variable
configure:5577: result: ok
configure:5591: checking whether GCC supports -static-libgcc
configure:5602: result: -static-libgcc
configure:5608: checking for bash
configure:5626: found /usr/bin/bash
configure:5639: result: /usr/bin/bash
configure:5714: checking for gawk
configure:5730: found /usr/bin/gawk
configure:5741: result: gawk
configure:5760: checking for perl
configure:5778: found /usr/bin/perl
configure:5791: result: /usr/bin/perl
configure:5805: checking for install-info
configure:5824: found /usr/sbin/install-info
configure:5837: result: /usr/sbin/install-info
configure:5847: checking for bison
configure:5866: found /usr/bin/bison
configure:5879: result: /usr/bin/bison
configure:5888: checking for signed size_t type
configure:5903: result: no
configure:5912: checking for libc-friendly stddef.h
configure:5946: gcc -c -g -O2  conftest.c >&5
conftest.c: In function 'main':
conftest.c:26:38: warning: incompatible implicit declaration of built-in function 'abort' [enabled by default]
 if (&size == NULL || &wchar == NULL) abort ();
                                      ^
configure:5953: $? = 0
configure:5968: result: yes
configure:5975: checking whether we need to use -P to assemble .S files
configure:5985: gcc   -c conftest.S 1>&5
configure:5988: $? = 0
configure:5996: result: no
configure:6003: checking for .set assembler directive
configure:6029: result: yes
configure:6038: checking for assembler gnu_unique_object symbol type
configure:6055: result: yes
configure:6064: checking for .symver assembler directive
configure:6081: result: yes
configure:6083: checking for ld --version-script
configure:6109: gcc -g -O2  -shared
				-o conftest.so conftest.o
				-nostartfiles -nostdlib
				-Wl,--version-script,conftest.map
		       1>&5
configure:6112: $? = 0
configure:6127: result: yes
configure:6151: checking for .previous assembler directive
configure:6161: gcc -c  conftest.s 1>&5
configure:6164: $? = 0
configure:6172: result: yes
configure:6210: checking for .protected and .hidden assembler directive
configure:6222: gcc -c  conftest.s 1>&5
configure:6225: $? = 0
configure:6235: result: yes
configure:6239: checking whether __attribute__((visibility())) is supported
configure:6250: gcc -Werror -S conftest.c -o conftest.s 1>&5
configure:6253: $? = 0
configure:6264: result: yes
configure:6274: checking for broken __attribute__((visibility()))
configure:6286: gcc -Werror -S conftest.c -o conftest.s 1>&5
configure:6289: $? = 0
configure:6298: result: no
configure:6307: checking for broken __attribute__((alias()))
configure:6322: gcc -Werror -S conftest.c -o conftest.s 1>&5
configure:6325: $? = 0
configure:6335: result: no
configure:6344: checking whether to put _rtld_local into .sdata section
configure:6358: result: no
configure:6368: checking for .preinit_array/.init_array/.fini_array support
configure:6381: gcc -g -O2   -o conftest conftest.c
		     -static -nostartfiles -nostdlib 1>&5
configure:6384: $? = 0
configure:6397: result: yes
configure:6404: gcc -Wl,--verbose 2>&1|grep SORT_BY_INIT_PRIORITY 1>&5
    KEEP (*(SORT_BY_INIT_PRIORITY(.init_array.*) SORT_BY_INIT_PRIORITY(.ctors.*)))
    KEEP (*(SORT_BY_INIT_PRIORITY(.fini_array.*) SORT_BY_INIT_PRIORITY(.dtors.*)))
configure:6407: $? = 0
configure:6415: checking for libunwind-support in compiler
configure:6432: result: no
configure:6442: checking for -z nodelete option
configure:6454: gcc -g -O2  
		     -fPIC -shared -o conftest.so conftest.c
		     -nostartfiles -nostdlib
		     -Wl,--enable-new-dtags,-z,nodelete 1>&5
configure:6457: $? = 0
configure:6468: result: yes
configure:6471: checking for -z nodlopen option
configure:6483: gcc -g -O2  
			-fPIC -shared -o conftest.so conftest.c
			-nostartfiles -nostdlib
			-Wl,--enable-new-dtags,-z,nodlopen 1>&5
configure:6486: $? = 0
configure:6497: result: yes
configure:6500: checking for -z initfirst option
configure:6512: gcc -g -O2  
			-fPIC -shared -o conftest.so conftest.c
			-nostartfiles -nostdlib
			-Wl,--enable-new-dtags,-z,initfirst 1>&5
configure:6515: $? = 0
configure:6526: result: yes
configure:6531: checking for -z relro option
configure:6538: gcc -v --help 2>&1|grep z relro 1>&5
  -z relro                    Create RELRO program header
  -z relro                    Create RELRO program header
  -z relro                    Create RELRO program header
  -z relro                    Create RELRO program header
  -z relro                    Create RELRO program header
configure:6541: $? = 0
configure:6545: gcc -Wl,--verbose 2>&1|grep DATA_SEGMENT_RELRO_END 1>&5
  . = DATA_SEGMENT_RELRO_END (SIZEOF (.got.plt) >= 24 ? 24 : 0, .);
configure:6548: $? = 0
configure:6555: result: yes
configure:6566: checking for -Bgroup option
configure:6577: gcc -g -O2  
			      -fPIC -shared -o conftest.so conftest.c
			      -Wl,-Bgroup -nostdlib 1>&5
configure:6580: $? = 0
configure:6589: result: yes
configure:6593: checking for libgcc_s suffix
configure:6607: result: 
configure:6611: checking for --as-needed option
configure:6623: gcc -g -O2  
			      -fPIC -shared -o conftest.so conftest.c
			      -lgcc_s -Wl,--as-needed
			      -nostdlib 1>&5
configure:6626: $? = 0
configure:6635: result: yes
configure:6640: checking whether --noexecstack is desirable for .S files
configure:6650: gcc -g -O2 
		     -S -o conftest.s conftest.c 1>&5
configure:6653: $? = 0
configure:6658: gcc  -Wa,--noexecstack
		       -c -o conftest.o conftest.s 1>&5
configure:6661: $? = 0
configure:6670: result: yes
configure:6677: checking for -z combreloc
configure:6691: gcc -g -O2  
			-fPIC -shared -o conftest.so conftest.c
			-nostdlib -nostartfiles
			-Wl,-z,combreloc 1>&5
configure:6694: $? = 0
configure:6707: result: yes
configure:6717: checking for -z execstack
configure:6729: gcc -g -O2  
			      -fPIC -shared -o conftest.so conftest.c
			      -Wl,-z,execstack -nostdlib
			      1>&5
configure:6732: $? = 0
configure:6741: result: yes
configure:6748: checking for --hash-style option
configure:6759: gcc -g -O2  
			      -fPIC -shared -o conftest.so conftest.c
			      -Wl,--hash-style=both -nostdlib 1>&5
configure:6762: $? = 0
configure:6771: result: yes
configure:6776: checking for -fno-toplevel-reorder -fno-section-anchors
configure:6786: gcc -g -O2  -S -fno-toplevel-reorder -fno-section-anchors
			    conftest.c 1>&5
configure:6789: $? = 0
configure:6798: result: yes
configure:6807: checking for -fstack-protector
configure:6814: gcc -g -O2  -Werror -fstack-protector
			    -o /dev/null -c -x c /dev/null 1>&5
configure:6817: $? = 0
configure:6825: result: yes
configure:6829: checking for -fgnu89-inline
configure:6844: gcc -g -O2  -S -std=gnu99 -fgnu89-inline
			    -o conftest.s conftest.c 1>&5
conftest.c:3:1: warning: return type defaults to 'int' [enabled by default]
 main () { return 0;}
 ^
configure:6847: $? = 0
configure:6856: result: yes
configure:6927: checking whether cc puts quotes around section names
configure:6948: result: no
configure:7066: checking for assembler .weak directive
configure:7079: gcc  -c conftest.s 1>&5
configure:7082: $? = 0
configure:7090: result: yes
configure:7137: checking whether CFI directives are supported
configure:7156: gcc  -c conftest.s 1>&5
configure:7159: $? = 0
configure:7167: result: yes
configure:7176: checking for ld --no-whole-archive
configure:7189: gcc -g -O2  
			    -nostdlib -nostartfiles -Wl,--no-whole-archive
			    -o conftest conftest.c 1>&5
configure:7192: $? = 0
configure:7200: result: yes
configure:7206: checking for gcc -fexceptions
configure:7219: gcc -g -O2  
			    -nostdlib -nostartfiles -fexceptions
			    -o conftest conftest.c 1>&5
configure:7222: $? = 0
configure:7230: result: yes
configure:7297: checking for __builtin_expect
configure:7312: gcc -g -O2   -nostdlib -nostartfiles
			    -o conftest conftest.c -lgcc >&5
/usr/bin/ld: warning: cannot find entry symbol _start; defaulting to 0000000000400150
configure:7315: $? = 0
configure:7323: result: yes
configure:7332: checking for __builtin_memset
configure:7344: gcc -O3 -S conftest.c -o - | fgrep memset > /dev/null
configure:7347: $? = 1
configure:7356: result: yes
configure:7365: checking for redirection of built-in functions
configure:7378: gcc -O3 -S conftest.c -o - | fgrep my_strstr > /dev/null
configure:7381: $? = 0
configure:7390: result: yes
configure:7400: checking for __thread
configure:7409: gcc -g -O2  -c conftest.c >&5
configure:7412: $? = 0
configure:7420: result: yes
configure:7433: checking for tls_model attribute
configure:7442: gcc -g -O2  -S -Werror conftest.c >&5
configure:7445: $? = 0
configure:7453: result: yes
configure:7492: checking for libgd
configure:7522: gcc -o conftest -g -O2     conftest.c  -lgd -lpng -lz -lm >&5
conftest.c:28:16: fatal error: gd.h: No such file or directory
 #include <gd.h>
                ^
compilation terminated.
configure:7529: $? = 1
configure: failed program was:
| /* confdefs.h.  */
| #define PACKAGE_NAME "GNU C Library"
| #define PACKAGE_TARNAME "c-library"
| #define PACKAGE_VERSION "(see version.h)"
| #define PACKAGE_STRING "GNU C Library (see version.h)"
| #define PACKAGE_BUGREPORT "glibc"
| #define PKGVERSION "(EGLIBC) "
| #define REPORT_BUGS_TO "<http://www.eglibc.org/issues/>"
| #define HAVE_LIBIDN 1
| #define ASM_GLOBAL_DIRECTIVE .globl
| #define ASM_TYPE_DIRECTIVE_PREFIX @
| #define USE_MULTIARCH 1
| #define HAVE_ASM_SET_DIRECTIVE 1
| #define HAVE_ASM_UNIQUE_OBJECT 1
| #define DO_VERSIONING 1
| #define HAVE_ASM_PREVIOUS_DIRECTIVE 1
| #define NO_CTORS_DTORS_SECTIONS 1
| #define HAVE_Z_COMBRELOC 1
| #define NO_UNDERSCORES 1
| #define HAVE_ASM_WEAK_DIRECTIVE 1
| #define HAVE_ASM_CFI_DIRECTIVES 1
| #define HAVE_BUILTIN_EXPECT 1
| #define HAVE_BUILTIN_MEMSET 1
| #define HAVE_BUILTIN_REDIRECTION 1
| #define HAVE___THREAD 1
| #define HAVE_TLS_MODEL_ATTRIBUTE 1
| /* end confdefs.h.  */
| #include <gd.h>
| int
| main ()
| {
| gdImagePng (0, 0)
|   ;
|   return 0;
| }
configure:7554: result: no
configure:7563: checking for is_selinux_enabled in -lselinux
configure:7598: gcc -o conftest -g -O2   conftest.c -lselinux   >&5
configure:7605: $? = 0
configure:7626: result: yes
configure:7636: checking for NSCD Flask permissions in selinux/av_permissions.h
configure:7663: gcc -c -g -O2  conftest.c >&5
configure:7670: $? = 0
configure:7684: result: yes
configure:7705: checking for audit_log_user_avc_message in -laudit
configure:7740: gcc -o conftest -g -O2   conftest.c -laudit   >&5
/usr/bin/ld: cannot find -laudit
collect2: error: ld returned 1 exit status
configure:7747: $? = 1
configure: failed program was:
| /* confdefs.h.  */
| #define PACKAGE_NAME "GNU C Library"
| #define PACKAGE_TARNAME "c-library"
| #define PACKAGE_VERSION "(see version.h)"
| #define PACKAGE_STRING "GNU C Library (see version.h)"
| #define PACKAGE_BUGREPORT "glibc"
| #define PKGVERSION "(EGLIBC) "
| #define REPORT_BUGS_TO "<http://www.eglibc.org/issues/>"
| #define HAVE_LIBIDN 1
| #define ASM_GLOBAL_DIRECTIVE .globl
| #define ASM_TYPE_DIRECTIVE_PREFIX @
| #define USE_MULTIARCH 1
| #define HAVE_ASM_SET_DIRECTIVE 1
| #define HAVE_ASM_UNIQUE_OBJECT 1
| #define DO_VERSIONING 1
| #define HAVE_ASM_PREVIOUS_DIRECTIVE 1
| #define NO_CTORS_DTORS_SECTIONS 1
| #define HAVE_Z_COMBRELOC 1
| #define NO_UNDERSCORES 1
| #define HAVE_ASM_WEAK_DIRECTIVE 1
| #define HAVE_ASM_CFI_DIRECTIVES 1
| #define HAVE_BUILTIN_EXPECT 1
| #define HAVE_BUILTIN_MEMSET 1
| #define HAVE_BUILTIN_REDIRECTION 1
| #define HAVE___THREAD 1
| #define HAVE_TLS_MODEL_ATTRIBUTE 1
| #define HAVE_SELINUX 1
| /* end confdefs.h.  */
| 
| /* Override any GCC internal prototype to avoid an error.
|    Use char because int might match the return type of a GCC
|    builtin and then its argument prototype would still apply.  */
| #ifdef __cplusplus
| extern "C"
| #endif
| char audit_log_user_avc_message ();
| int
| main ()
| {
| return audit_log_user_avc_message ();
|   ;
|   return 0;
| }
configure:7768: result: no
configure:7786: checking for cap_init in -lcap
configure:7821: gcc -o conftest -g -O2   conftest.c -lcap   >&5
/usr/bin/ld: cannot find -lcap
collect2: error: ld returned 1 exit status
configure:7828: $? = 1
configure: failed program was:
| /* confdefs.h.  */
| #define PACKAGE_NAME "GNU C Library"
| #define PACKAGE_TARNAME "c-library"
| #define PACKAGE_VERSION "(see version.h)"
| #define PACKAGE_STRING "GNU C Library (see version.h)"
| #define PACKAGE_BUGREPORT "glibc"
| #define PKGVERSION "(EGLIBC) "
| #define REPORT_BUGS_TO "<http://www.eglibc.org/issues/>"
| #define HAVE_LIBIDN 1
| #define ASM_GLOBAL_DIRECTIVE .globl
| #define ASM_TYPE_DIRECTIVE_PREFIX @
| #define USE_MULTIARCH 1
| #define HAVE_ASM_SET_DIRECTIVE 1
| #define HAVE_ASM_UNIQUE_OBJECT 1
| #define DO_VERSIONING 1
| #define HAVE_ASM_PREVIOUS_DIRECTIVE 1
| #define NO_CTORS_DTORS_SECTIONS 1
| #define HAVE_Z_COMBRELOC 1
| #define NO_UNDERSCORES 1
| #define HAVE_ASM_WEAK_DIRECTIVE 1
| #define HAVE_ASM_CFI_DIRECTIVES 1
| #define HAVE_BUILTIN_EXPECT 1
| #define HAVE_BUILTIN_MEMSET 1
| #define HAVE_BUILTIN_REDIRECTION 1
| #define HAVE___THREAD 1
| #define HAVE_TLS_MODEL_ATTRIBUTE 1
| #define HAVE_SELINUX 1
| /* end confdefs.h.  */
| 
| /* Override any GCC internal prototype to avoid an error.
|    Use char because int might match the return type of a GCC
|    builtin and then its argument prototype would still apply.  */
| #ifdef __cplusplus
| extern "C"
| #endif
| char cap_init ();
| int
| main ()
| {
| return cap_init ();
|   ;
|   return 0;
| }
configure:7849: result: no
configure:7869: checking for grep that handles long lines and -e
configure:7929: result: /usr/bin/grep
configure:7934: checking for egrep
configure:7998: result: /usr/bin/grep -E
configure:8003: checking for ANSI C header files
configure:8033: gcc -c -g -O2  conftest.c >&5
configure:8040: $? = 0
configure:8139: gcc -o conftest -g -O2   conftest.c  >&5
configure:8143: $? = 0
configure:8149: ./conftest
configure:8153: $? = 0
configure:8171: result: yes
configure:8195: checking for sys/types.h
configure:8216: gcc -c -g -O2  conftest.c >&5
configure:8223: $? = 0
configure:8240: result: yes
configure:8195: checking for sys/stat.h
configure:8216: gcc -c -g -O2  conftest.c >&5
configure:8223: $? = 0
configure:8240: result: yes
configure:8195: checking for stdlib.h
configure:8216: gcc -c -g -O2  conftest.c >&5
configure:8223: $? = 0
configure:8240: result: yes
configure:8195: checking for string.h
configure:8216: gcc -c -g -O2  conftest.c >&5
configure:8223: $? = 0
configure:8240: result: yes
configure:8195: checking for memory.h
configure:8216: gcc -c -g -O2  conftest.c >&5
configure:8223: $? = 0
configure:8240: result: yes
configure:8195: checking for strings.h
configure:8216: gcc -c -g -O2  conftest.c >&5
configure:8223: $? = 0
configure:8240: result: yes
configure:8195: checking for inttypes.h
configure:8216: gcc -c -g -O2  conftest.c >&5
configure:8223: $? = 0
configure:8240: result: yes
configure:8195: checking for stdint.h
configure:8216: gcc -c -g -O2  conftest.c >&5
configure:8223: $? = 0
configure:8240: result: yes
configure:8195: checking for unistd.h
configure:8216: gcc -c -g -O2  conftest.c >&5
configure:8223: $? = 0
configure:8240: result: yes
configure:8258: checking size of long double
configure:8563: gcc -o conftest -g -O2   conftest.c  >&5
configure:8567: $? = 0
configure:8573: ./conftest
configure:8577: $? = 0
configure:8603: result: 16
configure:8634: result: running configure fragment for sysdeps/x86_64/elf
configure:92: checking for x86-64 TLS support
configure:111: gcc -c -g -O2 conftest.s 1>&5
configure:114: $? = 0
configure:122: result: yes
configure:8634: result: running configure fragment for nptl/sysdeps/pthread
configure:8634: result: running configure fragment for sysdeps/pthread
configure:8634: result: running configure fragment for sysdeps/unix/sysv/linux
configure:117: checking for grep that handles long lines and -e
configure:175: result: /usr/bin/grep
configure:180: checking for egrep
configure:242: result: /usr/bin/grep -E
configure:247: checking installed Linux kernel header files
configure:268: result: 2.0.10 or later
configure:363: checking for kernel header at least 2.4.0
configure:382: result: ok
configure:523: checking for symlinks in /usr/local/include
configure:540: result: ok
configure:8634: result: running configure fragment for nptl/sysdeps/x86_64
configure:4: checking for .cfi_personality and .cfi_lsda pseudo-ops
configure:18: gcc  -c conftest.s 1>&5
configure:21: $? = 0
configure:30: result: yes
configure:8634: result: running configure fragment for sysdeps/x86_64
configure:42: checking for grep that handles long lines and -e
configure:102: result: /usr/bin/grep
configure:107: checking for egrep
configure:171: result: /usr/bin/grep -E
configure:176: checking for ANSI C header files
configure:344: result: yes
configure:368: checking for sys/types.h
configure:413: result: yes
configure:368: checking for sys/stat.h
configure:413: result: yes
configure:368: checking for stdlib.h
configure:413: result: yes
configure:368: checking for string.h
configure:413: result: yes
configure:368: checking for memory.h
configure:413: result: yes
configure:368: checking for strings.h
configure:413: result: yes
configure:368: checking for inttypes.h
configure:413: result: yes
configure:368: checking for stdint.h
configure:413: result: yes
configure:368: checking for unistd.h
configure:413: result: yes
configure:437: checking cpuid.h usability
configure:454: gcc -c -g -O2  conftest.c >&5
configure:461: $? = 0
configure:475: result: yes
configure:479: checking cpuid.h presence
configure:494: gcc -E  conftest.c
configure:501: $? = 0
configure:515: result: yes
configure:543: checking for cpuid.h
configure:550: result: yes
configure:564: checking if -g produces usable source locations for assembler-with-cpp
configure:587: gcc   -g -c conftest.S 1>&5
configure:590: $? = 0
configure:595: readelf --debug-dump=line conftest.o |
		   grep conftest\.S 1>&5
  1	0	0	0	conftest.S
configure:598: $? = 0
configure:607: result: yes
configure:616: checking for SSE4 support
configure:622: gcc -msse4 -xc /dev/null -S -o /dev/null
configure:625: $? = 0
configure:632: result: yes
configure:641: checking for assembler -mtune=i686 support
configure:647: gcc -Wa,-mtune=i686 -xc /dev/null -S -o /dev/null
configure:650: $? = 0
configure:657: result: yes
configure:660: checking for AVX support
configure:666: gcc -mavx -xc /dev/null -S -o /dev/null
configure:669: $? = 0
configure:676: result: yes
configure:685: checking for -mno-vzeroupper support
configure:691: gcc -mno-vzeroupper -xc /dev/null -S -o /dev/null
configure:694: $? = 0
configure:701: result: yes
configure:8655: checking for old glibc 2.0.x headers
configure:8663: result: no
configure:8708: checking whether -fPIC is default
configure:8724: result: no
configure:8855: creating ./config.status

## ---------------- ##
## Cache variables. ##
## ---------------- ##

ac_cv_build=x86_64-unknown-linux-gnu
ac_cv_c_compiler_gnu=yes
ac_cv_cxx_compiler_gnu=yes
ac_cv_env_CCC_set=
ac_cv_env_CCC_value=
ac_cv_env_CC_set=
ac_cv_env_CC_value=
ac_cv_env_CFLAGS_set=
ac_cv_env_CFLAGS_value=
ac_cv_env_CPPFLAGS_set=
ac_cv_env_CPPFLAGS_value=
ac_cv_env_CPP_set=
ac_cv_env_CPP_value=
ac_cv_env_CXXFLAGS_set=
ac_cv_env_CXXFLAGS_value=
ac_cv_env_CXX_set=
ac_cv_env_CXX_value=
ac_cv_env_LDFLAGS_set=
ac_cv_env_LDFLAGS_value=
ac_cv_env_LIBS_set=
ac_cv_env_LIBS_value=
ac_cv_env_build_alias_set=
ac_cv_env_build_alias_value=
ac_cv_env_host_alias_set=
ac_cv_env_host_alias_value=
ac_cv_env_target_alias_set=
ac_cv_env_target_alias_value=
ac_cv_header_cpuid_h=yes
ac_cv_header_inttypes_h=yes
ac_cv_header_memory_h=yes
ac_cv_header_stdc=yes
ac_cv_header_stdint_h=yes
ac_cv_header_stdlib_h=yes
ac_cv_header_string_h=yes
ac_cv_header_strings_h=yes
ac_cv_header_sys_stat_h=yes
ac_cv_header_sys_types_h=yes
ac_cv_header_unistd_h=yes
ac_cv_host=x86_64-unknown-linux-gnu
ac_cv_lib_audit_audit_log_user_avc_message=no
ac_cv_lib_cap_cap_init=no
ac_cv_lib_selinux_is_selinux_enabled=yes
ac_cv_objext=o
ac_cv_path_BASH_SHELL=/usr/bin/bash
ac_cv_path_BISON=/usr/bin/bison
ac_cv_path_EGREP='/usr/bin/grep -E'
ac_cv_path_GREP=/usr/bin/grep
ac_cv_path_INSTALL_INFO=/usr/sbin/install-info
ac_cv_path_PERL=/usr/bin/perl
ac_cv_path_PWD_P=/usr/bin/pwd
ac_cv_path_install='/usr/bin/install -c'
ac_cv_prog_AS=as
ac_cv_prog_AUTOCONF=autoconf
ac_cv_prog_AWK=gawk
ac_cv_prog_CC=gcc
ac_cv_prog_CPP='gcc -E'
ac_cv_prog_LD=ld
ac_cv_prog_MAKE=gmake
ac_cv_prog_MSGFMT=msgfmt
ac_cv_prog_SED=sed
ac_cv_prog_ac_ct_CC=gcc
ac_cv_prog_ac_ct_CXX=g++
ac_cv_prog_cc_c89=
ac_cv_prog_cc_g=yes
ac_cv_prog_cxx_g=yes
ac_cv_sizeof_long_double=16
libc_cv_Bgroup=yes
libc_cv_as_i686=yes
libc_cv_as_needed=yes
libc_cv_as_noexecstack=yes
libc_cv_asm_cfi_directives=yes
libc_cv_asm_cfi_personality=yes
libc_cv_asm_global_directive=.globl
libc_cv_asm_gnu_indirect_function=yes
libc_cv_asm_previous_directive=yes
libc_cv_asm_protected_directive=yes
libc_cv_asm_set_directive=yes
libc_cv_asm_symver_directive=yes
libc_cv_asm_type_prefix=@
libc_cv_asm_underscores=no
libc_cv_asm_unique_object=yes
libc_cv_asm_weak_directive=yes
libc_cv_autoconf_works=yes
libc_cv_broken_alias_attribute=no
libc_cv_broken_visibility_attribute=no
libc_cv_c_cleanup=yes
libc_cv_cc_avx=yes
libc_cv_cc_novzeroupper=yes
libc_cv_cc_sse4=yes
libc_cv_cc_with_libunwind=no
libc_cv_cpp_asm_debuginfo=yes
libc_cv_dot_text=.text
libc_cv_fno_toplevel_reorder=yes
libc_cv_forced_unwind=yes
libc_cv_fpie=yes
libc_cv_friendly_stddef=yes
libc_cv_gcc___thread=yes
libc_cv_gcc_builtin_expect=yes
libc_cv_gcc_builtin_memset=yes
libc_cv_gcc_builtin_redirection=yes
libc_cv_gcc_exceptions=yes
libc_cv_gcc_static_libgcc=-static-libgcc
libc_cv_gcc_tls_model_attr=yes
libc_cv_gcc_unwind_find_fde=no
libc_cv_gnu89_inline=yes
libc_cv_hashstyle=yes
libc_cv_have_bash2=yes
libc_cv_have_ksh=yes
libc_cv_have_sdata_section=no
libc_cv_have_section_quotes=no
libc_cv_idn=no
libc_cv_initfini_array=yes
libc_cv_ld_no_whole_archive=yes
libc_cv_ld_version_script_option=yes
libc_cv_libgcc_s_suffix=
libc_cv_linux2010='2.0.10 or later'
libc_cv_need_minus_P=no
libc_cv_nss_crypt=no
libc_cv_pic_default=no
libc_cv_prog_as_gnu=yes
libc_cv_prog_ld_gnu=yes
libc_cv_signed_size_t=no
libc_cv_ssp=yes
libc_cv_sysconfdir='${prefix}/etc'
libc_cv_visibility_attribute=yes
libc_cv_weak_symbols=yes
libc_cv_x86_64_tls=yes
libc_cv_z_combreloc=yes
libc_cv_z_execstack=yes
libc_cv_z_initfirst=yes
libc_cv_z_nodelete=yes
libc_cv_z_nodlopen=yes
libc_cv_z_relro=yes

## ----------------- ##
## Output variables. ##
## ----------------- ##

AR='ar'
AS='as'
ASFLAGS_config=' -Wa,--noexecstack'
AUTOCONF='autoconf'
AWK='gawk'
BASH_SHELL='/usr/bin/bash'
BISON='/usr/bin/bison'
BUILD_CC=''
CC='gcc'
CFLAGS='-g -O2'
CPP='gcc -E'
CPPFLAGS=''
CXX='g++'
CXXFLAGS='-g -O2'
CXX_SYSINCLUDES=''
DEFINES=' -D_LIBC_REENTRANT'
DEFS='-DHAVE_CONFIG_H'
ECHO_C=''
ECHO_N='-n'
ECHO_T=''
EGREP='/usr/bin/grep -E'
GREP='/usr/bin/grep'
INSTALL_DATA='${INSTALL} -m 644'
INSTALL_INFO='/usr/sbin/install-info'
INSTALL_PROGRAM='${INSTALL}'
INSTALL_SCRIPT='${INSTALL}'
KSH='/usr/bin/bash'
LD='ld'
LDFLAGS=''
LIBGD='no'
LIBOBJS=''
LIBS=''
LN_S='ln -s'
LTLIBOBJS=''
MAKE='gmake'
MAKEINFO=':'
MIG=''
MSGFMT='msgfmt'
NM='nm'
OBJDUMP='objdump'
OBJEXT='o'
PACKAGE_BUGREPORT='glibc'
PACKAGE_NAME='GNU C Library'
PACKAGE_STRING='GNU C Library (see version.h)'
PACKAGE_TARNAME='c-library'
PACKAGE_VERSION='(see version.h)'
PATH_SEPARATOR=':'
PERL='/usr/bin/perl'
PKGVERSION='(EGLIBC) '
PWD_P='/usr/bin/pwd'
RELEASE='stable'
REPORT_BUGS_TEXI='@uref{http://www.eglibc.org/issues/}'
REPORT_BUGS_TO='<http://www.eglibc.org/issues/>'
SED=':'
SHELL='/bin/sh'
SYSINCLUDES=''
VERSION='2.14.1'
VERSIONING='yes'
ac_ct_CC='gcc'
ac_ct_CXX='g++'
add_on_subdirs=' libidn'
add_ons='libidn nptl'
all_warnings=''
base_machine='x86_64'
bindir='${exec_prefix}/bin'
bindnow='no'
bounded='no'
build='x86_64-unknown-linux-gnu'
build_alias=''
build_cpu='x86_64'
build_os='linux-gnu'
build_vendor='unknown'
cross_compiling='no'
datadir='${datarootdir}'
datarootdir='${prefix}/share'
docdir='${datarootdir}/doc/${PACKAGE_TARNAME}'
dvidir='${docdir}'
elf='yes'
enable_check_abi='no'
exceptions='-fexceptions'
exec_prefix='${prefix}'
experimental_malloc=''
fno_unit_at_a_time='-fno-toplevel-reorder -fno-section-anchors'
force_install='yes'
gnu89_inline='-fgnu89-inline'
have_libaudit='no'
have_libcap='no'
have_selinux='yes'
host='x86_64-unknown-linux-gnu'
host_alias=''
host_cpu='x86_64'
host_os='linux-gnu'
host_vendor='unknown'
htmldir='${docdir}'
includedir='${prefix}/include'
infodir='${datarootdir}/info'
ldd_rewrite_script='../sysdeps/unix/sysv/linux/x86_64/ldd-rewrite.sed'
libc_cv_Bgroup='yes'
libc_cv_as_i686='yes'
libc_cv_as_needed='yes'
libc_cv_cc_avx='yes'
libc_cv_cc_novzeroupper='yes'
libc_cv_cc_sse4='yes'
libc_cv_cc_submachine=''
libc_cv_cc_with_libunwind='no'
libc_cv_cpp_asm_debuginfo='yes'
libc_cv_forced_unwind='yes'
libc_cv_fpie='yes'
libc_cv_gcc_static_libgcc='-static-libgcc'
libc_cv_gcc_unwind_find_fde='no'
libc_cv_hashstyle='yes'
libc_cv_have_bash2='yes'
libc_cv_have_initfini=''
libc_cv_have_ksh='yes'
libc_cv_libgcc_s_suffix=''
libc_cv_localedir=''
libc_cv_nss_crypt='no'
libc_cv_pic_default='no'
libc_cv_rootsbindir=''
libc_cv_slibdir=''
libc_cv_ssp='yes'
libc_cv_sysconfdir='${prefix}/etc'
libc_cv_z_combreloc='yes'
libc_cv_z_execstack='yes'
libdir='${exec_prefix}/lib'
libexecdir='${exec_prefix}/libexec'
localedir='${datarootdir}/locale'
localstatedir='${prefix}/var'
mach_interface_list=''
mandir='${datarootdir}/man'
multi_arch='default'
no_whole_archive='-Wl,--no-whole-archive'
nopic_initfini=''
old_glibc_headers='no'
oldest_abi='default'
oldincludedir='/usr/include'
omitfp='no'
pdfdir='${docdir}'
prefix='/usr/local'
profile='no'
program_transform_name='s,x,x,'
psdir='${docdir}'
sbindir='${exec_prefix}/sbin'
shared='yes'
sharedstatedir='${prefix}/com'
sizeof_long_double='16'
static='yes'
static_nss='no'
subdirs='  '
submachine=''
sysconfdir='${prefix}/etc'
sysdeps_add_ons=' nptl'
sysnames=' sysdeps/x86_64/elf nptl/sysdeps/unix/sysv/linux/x86_64 sysdeps/unix/sysv/linux/x86_64 sysdeps/unix/sysv/linux/wordsize-64 nptl/sysdeps/unix/sysv/linux nptl/sysdeps/pthread sysdeps/pthread sysdeps/unix/sysv/linux sysdeps/gnu sysdeps/unix/common sysdeps/unix/mman sysdeps/unix/inet nptl/sysdeps/unix/sysv sysdeps/unix/sysv sysdeps/unix/x86_64 nptl/sysdeps/unix sysdeps/unix sysdeps/posix sysdeps/x86_64/fpu sysdeps/x86_64/multiarch nptl/sysdeps/x86_64 sysdeps/x86_64 sysdeps/wordsize-64 sysdeps/ieee754/ldbl-96 sysdeps/ieee754/dbl-64/wordsize-64 sysdeps/ieee754/dbl-64 sysdeps/ieee754/flt-32 sysdeps/ieee754 sysdeps/generic/elf sysdeps/generic'
target_alias=''
use_ldconfig='yes'
with_cvs='yes'
with_fp='yes'
xcoff='no'

## ----------- ##
## confdefs.h. ##
## ----------- ##

#define PACKAGE_NAME "GNU C Library"
#define PACKAGE_TARNAME "c-library"
#define PACKAGE_VERSION "(see version.h)"
#define PACKAGE_STRING "GNU C Library (see version.h)"
#define PACKAGE_BUGREPORT "glibc"
#define PKGVERSION "(EGLIBC) "
#define REPORT_BUGS_TO "<http://www.eglibc.org/issues/>"
#define HAVE_LIBIDN 1
#define ASM_GLOBAL_DIRECTIVE .globl
#define ASM_TYPE_DIRECTIVE_PREFIX @
#define USE_MULTIARCH 1
#define HAVE_ASM_SET_DIRECTIVE 1
#define HAVE_ASM_UNIQUE_OBJECT 1
#define DO_VERSIONING 1
#define HAVE_ASM_PREVIOUS_DIRECTIVE 1
#define NO_CTORS_DTORS_SECTIONS 1
#define HAVE_Z_COMBRELOC 1
#define NO_UNDERSCORES 1
#define HAVE_ASM_WEAK_DIRECTIVE 1
#define HAVE_ASM_CFI_DIRECTIVES 1
#define HAVE_BUILTIN_EXPECT 1
#define HAVE_BUILTIN_MEMSET 1
#define HAVE_BUILTIN_REDIRECTION 1
#define HAVE___THREAD 1
#define HAVE_TLS_MODEL_ATTRIBUTE 1
#define HAVE_SELINUX 1
#define STDC_HEADERS 1
#define HAVE_SYS_TYPES_H 1
#define HAVE_SYS_STAT_H 1
#define HAVE_STDLIB_H 1
#define HAVE_STRING_H 1
#define HAVE_MEMORY_H 1
#define HAVE_STRINGS_H 1
#define HAVE_INTTYPES_H 1
#define HAVE_STDINT_H 1
#define HAVE_UNISTD_H 1
#define SIZEOF_LONG_DOUBLE 16
#define HAVE_TLS_SUPPORT 1
#define PI_STATIC_AND_HIDDEN 1
#define HAVE_FORCED_UNWIND 1
#define __LINUX_KERNEL_VERSION (2 * 65536 + 4 * 256 + 0)
#define __ABI_TAG_VERSION 2,4,0
#define HAVE_INLINED_SYSCALLS 1
#define STDC_HEADERS 1
#define HAVE_SYS_TYPES_H 1
#define HAVE_SYS_STAT_H 1
#define HAVE_STDLIB_H 1
#define HAVE_STRING_H 1
#define HAVE_MEMORY_H 1
#define HAVE_STRINGS_H 1
#define HAVE_INTTYPES_H 1
#define HAVE_STDINT_H 1
#define HAVE_UNISTD_H 1
#define HAVE_CPP_ASM_DEBUGINFO 1
#define HAVE_SSE4_SUPPORT 1
#define HAVE_AVX_SUPPORT 1
#define USE_IN_LIBIO 1
#define HAVE_ELF 1

configure: exit 0

## ---------------------- ##
## Running config.status. ##
## ---------------------- ##

This file was extended by GNU C Library config.status (see version.h), which was
generated by GNU Autoconf 2.63.  Invocation command line was

  CONFIG_FILES    = 
  CONFIG_HEADERS  = 
  CONFIG_LINKS    = 
  CONFIG_COMMANDS = 
  $ config.status 

on cp-1.dune.rsc-pg0.apt.emulab.net

config.status:892: creating config.make
config.status:892: creating Makefile
config.status:892: creating config.h
config.status:1101: config.h is unchanged
config.status:1119: executing default commands
